[     404ms] [INFO] %cDownload the React DevTools for a better development experience: https://react.dev/link/react-devtools font-weight:bold @ http://localhost:3000/_next/static/chunks/node_modules_next_dist_115brz8._.js:2431
[     456ms] [LOG] [HMR] connected @ http://localhost:3000/_next/static/chunks/node_modules_next_dist_115brz8._.js:2431
[   22961ms] [LOG] [Fast Refresh] rebuilding @ http://localhost:3000/_next/static/chunks/node_modules_next_dist_115brz8._.js:2431
[   23466ms] [LOG] [Fast Refresh] done in 606ms @ http://localhost:3000/_next/static/chunks/node_modules_next_dist_115brz8._.js:2431
[   67542ms] [INFO] %cDownload the React DevTools for a better development experience: https://react.dev/link/react-devtools font-weight:bold @ http://localhost:3000/_next/static/chunks/node_modules_next_dist_115brz8._.js:2431
[   67556ms] [LOG] [HMR] connected @ http://localhost:3000/_next/static/chunks/node_modules_next_dist_115brz8._.js:2431
[   86804ms] [LOG] [Fast Refresh] rebuilding @ http://localhost:3000/_next/static/chunks/node_modules_next_dist_115brz8._.js:2431
[   87141ms] [LOG] [Fast Refresh] done in 438ms @ http://localhost:3000/_next/static/chunks/node_modules_next_dist_115brz8._.js:2431
[ 3301750ms] [ERROR] WebSocket connection to 'ws://localhost:3000/_next/webpack-hmr?id=1jEyOzcINfWMq-fChgFYH' failed: Error during WebSocket handshake: Unexpected response code: 404 @ http://localhost:3000/_next/static/chunks/node_modules_next_dist_client_0fhqo1d._.js:13299
[ 3302767ms] [ERROR] WebSocket connection to 'ws://localhost:3000/_next/webpack-hmr?id=1jEyOzcINfWMq-fChgFYH' failed: Error during WebSocket handshake: Unexpected response code: 404 @ http://localhost:3000/_next/static/chunks/node_modules_next_dist_client_0fhqo1d._.js:13299
[ 3303794ms] [ERROR] WebSocket connection to 'ws://localhost:3000/_next/webpack-hmr?id=1jEyOzcINfWMq-fChgFYH' failed: Error during WebSocket handshake: Unexpected response code: 404 @ http://localhost:3000/_next/static/chunks/node_modules_next_dist_client_0fhqo1d._.js:13299
[ 3304812ms] [ERROR] WebSocket connection to 'ws://localhost:3000/_next/webpack-hmr?id=1jEyOzcINfWMq-fChgFYH' failed: Error during WebSocket handshake: Unexpected response code: 404 @ http://localhost:3000/_next/static/chunks/node_modules_next_dist_client_0fhqo1d._.js:13299
[ 3305924ms] [ERROR] WebSocket connection to 'ws://localhost:3000/_next/webpack-hmr?id=1jEyOzcINfWMq-fChgFYH' failed: Error during WebSocket handshake: Unexpected response code: 404 @ http://localhost:3000/_next/static/chunks/node_modules_next_dist_client_0fhqo1d._.js:13299
[ 3310955ms] [ERROR] WebSocket connection to 'ws://localhost:3000/_next/webpack-hmr?id=1jEyOzcINfWMq-fChgFYH' failed: Error during WebSocket handshake: Unexpected response code: 404 @ http://localhost:3000/_next/static/chunks/node_modules_next_dist_client_0fhqo1d._.js:13299
[ 3315969ms] [ERROR] WebSocket connection to 'ws://localhost:3000/_next/webpack-hmr?id=1jEyOzcINfWMq-fChgFYH' failed: Error during WebSocket handshake: Unexpected response code: 404 @ http://localhost:3000/_next/static/chunks/node_modules_next_dist_client_0fhqo1d._.js:13299
[ 3320992ms] [ERROR] WebSocket connection to 'ws://localhost:3000/_next/webpack-hmr?id=1jEyOzcINfWMq-fChgFYH' failed: Error during WebSocket handshake: Unexpected response code: 404 @ http://localhost:3000/_next/static/chunks/node_modules_next_dist_client_0fhqo1d._.js:13299
[ 3326027ms] [ERROR] WebSocket connection to 'ws://localhost:3000/_next/webpack-hmr?id=1jEyOzcINfWMq-fChgFYH' failed: Error during WebSocket handshake: Unexpected response code: 404 @ http://localhost:3000/_next/static/chunks/node_modules_next_dist_client_0fhqo1d._.js:13299
[ 3331069ms] [ERROR] WebSocket connection to 'ws://localhost:3000/_next/webpack-hmr?id=1jEyOzcINfWMq-fChgFYH' failed: Error during WebSocket handshake: Unexpected response code: 404 @ http://localhost:3000/_next/static/chunks/node_modules_next_dist_client_0fhqo1d._.js:13299
[ 3336142ms] [ERROR] WebSocket connection to 'ws://localhost:3000/_next/webpack-hmr?id=1jEyOzcINfWMq-fChgFYH' failed: Error during WebSocket handshake: Unexpected response code: 404 @ http://localhost:3000/_next/static/chunks/node_modules_next_dist_client_0fhqo1d._.js:13299
[ 3341274ms] [ERROR] WebSocket connection to 'ws://localhost:3000/_next/webpack-hmr?id=1jEyOzcINfWMq-fChgFYH' failed: Error during WebSocket handshake: Unexpected response code: 404 @ http://localhost:3000/_next/static/chunks/node_modules_next_dist_client_0fhqo1d._.js:13299
[ 3341437ms] [ERROR] Failed to load resource: the server responded with a status of 404 (Not Found) @ http://localhost:3000/battle/e73a8a11-2bc4-4c8d-92e2-9821eae35404:0
